[debug] [2022-05-29T06:21:27.518Z] ----------------------------------------------------------------------
[debug] [2022-05-29T06:21:27.521Z] Command:       C:\Program Files\nodejs\node.exe C:\Users\okita\AppData\Roaming\npm\node_modules\firebase-tools\lib\bin\firebase.js hosting:channel:deploy whitelist-v4
[debug] [2022-05-29T06:21:27.521Z] CLI Version:   11.0.0
[debug] [2022-05-29T06:21:27.521Z] Platform:      win32
[debug] [2022-05-29T06:21:27.522Z] Node Version:  v16.14.0
[debug] [2022-05-29T06:21:27.527Z] Time:          Sun May 29 2022 14:21:27 GMT+0800 (Singapore Standard Time)
[debug] [2022-05-29T06:21:27.527Z] ----------------------------------------------------------------------
[debug] 
[debug] [2022-05-29T06:21:27.676Z] > command requires scopes: ["email","openid","https://www.googleapis.com/auth/cloudplatformprojects.readonly","https://www.googleapis.com/auth/firebase","https://www.googleapis.com/auth/cloud-platform"]
[debug] [2022-05-29T06:21:27.676Z] > authorizing via signed-in user (cyberblazeflo7@gmail.com)
[debug] [2022-05-29T06:21:27.677Z] [iam] checking project whitelist-develop for permissions ["firebase.projects.get","firebasehosting.sites.update"]
[debug] [2022-05-29T06:21:27.679Z] > refreshing access token with scopes: []
[debug] [2022-05-29T06:21:27.681Z] >>> HTTP REQUEST POST https://www.googleapis.com/oauth2/v3/token  
 <request body omitted>
[debug] [2022-05-29T06:21:27.988Z] <<< HTTP RESPONSE 200 {"pragma":"no-cache","expires":"Mon, 01 Jan 1990 00:00:00 GMT","date":"Sun, 29 May 2022 06:21:24 GMT","cache-control":"no-cache, no-store, max-age=0, must-revalidate","content-type":"application/json; charset=utf-8","vary":"X-Origin, Referer, Origin,Accept-Encoding","server":"scaffolding on HTTPServer2","x-xss-protection":"0","x-frame-options":"SAMEORIGIN","x-content-type-options":"nosniff","alt-svc":"h3=\":443\"; ma=2592000,h3-29=\":443\"; ma=2592000,h3-Q050=\":443\"; ma=2592000,h3-Q046=\":443\"; ma=2592000,h3-Q043=\":443\"; ma=2592000,quic=\":443\"; ma=2592000; v=\"46,43\"","accept-ranges":"none","transfer-encoding":"chunked"}
[debug] [2022-05-29T06:21:28.009Z] >>> [apiv2][query] POST https://cloudresourcemanager.googleapis.com/v1/projects/whitelist-develop:testIamPermissions [none]
[debug] [2022-05-29T06:21:28.009Z] >>> [apiv2][body] POST https://cloudresourcemanager.googleapis.com/v1/projects/whitelist-develop:testIamPermissions {"permissions":["firebase.projects.get","firebasehosting.sites.update"]}
[debug] [2022-05-29T06:21:29.102Z] <<< [apiv2][status] POST https://cloudresourcemanager.googleapis.com/v1/projects/whitelist-develop:testIamPermissions 200
[debug] [2022-05-29T06:21:29.103Z] <<< [apiv2][body] POST https://cloudresourcemanager.googleapis.com/v1/projects/whitelist-develop:testIamPermissions {"permissions":["firebase.projects.get","firebasehosting.sites.update"]}
[debug] [2022-05-29T06:21:29.106Z] >>> [apiv2][query] GET https://firebase.googleapis.com/v1beta1/projects/whitelist-develop [none]
[debug] [2022-05-29T06:21:30.446Z] <<< [apiv2][status] GET https://firebase.googleapis.com/v1beta1/projects/whitelist-develop 200
[debug] [2022-05-29T06:21:30.447Z] <<< [apiv2][body] GET https://firebase.googleapis.com/v1beta1/projects/whitelist-develop {"projectId":"whitelist-develop","projectNumber":"147656100669","displayName":"WhiteList-Develop","name":"projects/whitelist-develop","resources":{"hostingSite":"whitelist-develop","storageBucket":"whitelist-develop.appspot.com","locationId":"asia-east2"},"state":"ACTIVE"}
[debug] [2022-05-29T06:21:30.450Z] >>> [apiv2][query] GET https://firebasehosting.googleapis.com/v1beta1/projects/whitelist-develop/sites/whitelist-develop/channels/whitelist-v4 [none]
[debug] [2022-05-29T06:21:32.380Z] <<< [apiv2][status] GET https://firebasehosting.googleapis.com/v1beta1/projects/whitelist-develop/sites/whitelist-develop/channels/whitelist-v4 404
[debug] [2022-05-29T06:21:32.380Z] <<< [apiv2][body] GET https://firebasehosting.googleapis.com/v1beta1/projects/whitelist-develop/sites/whitelist-develop/channels/whitelist-v4 {"error":{"code":404,"message":"Requested entity was not found.","status":"NOT_FOUND"}}
[debug] [2022-05-29T06:21:32.384Z] >>> [apiv2][query] POST https://firebasehosting.googleapis.com/v1beta1/projects/whitelist-develop/sites/whitelist-develop/channels?channelId=whitelist-v4 [none]
[debug] [2022-05-29T06:21:32.385Z] >>> [apiv2][body] POST https://firebasehosting.googleapis.com/v1beta1/projects/whitelist-develop/sites/whitelist-develop/channels?channelId=whitelist-v4 {"ttl":"604800s"}
[debug] [2022-05-29T06:21:34.276Z] <<< [apiv2][status] POST https://firebasehosting.googleapis.com/v1beta1/projects/whitelist-develop/sites/whitelist-develop/channels?channelId=whitelist-v4 200
[debug] [2022-05-29T06:21:34.276Z] <<< [apiv2][body] POST https://firebasehosting.googleapis.com/v1beta1/projects/whitelist-develop/sites/whitelist-develop/channels?channelId=whitelist-v4 {"name":"projects/whitelist-develop/sites/whitelist-develop/channels/whitelist-v4","url":"https://whitelist-develop--whitelist-v4-72ggq5wb.web.app","createTime":"2022-05-29T06:21:30.769996824Z","updateTime":"2022-05-29T06:21:30.769996824Z","retainedReleaseCount":10,"expireTime":"2022-06-05T06:21:30.769996824Z"}
[debug] [2022-05-29T06:21:34.276Z] [hosting] created new channnel for site whitelist-develop {"name":"projects/whitelist-develop/sites/whitelist-develop/channels/whitelist-v4","url":"https://whitelist-develop--whitelist-v4-72ggq5wb.web.app","createTime":"2022-05-29T06:21:30.769996824Z","updateTime":"2022-05-29T06:21:30.769996824Z","retainedReleaseCount":10,"expireTime":"2022-06-05T06:21:30.769996824Z"}
[info] +  hosting:channel: Channel whitelist-v4 has been created on site whitelist-develop. 
[info] 
[info] === Deploying to 'whitelist-develop'...
[info] 
[info] i  deploying hosting 
[debug] [2022-05-29T06:21:34.283Z] >>> [apiv2][query] GET https://firebase.googleapis.com/v1beta1/projects/whitelist-develop [none]
[debug] [2022-05-29T06:21:35.363Z] <<< [apiv2][status] GET https://firebase.googleapis.com/v1beta1/projects/whitelist-develop 200
[debug] [2022-05-29T06:21:35.363Z] <<< [apiv2][body] GET https://firebase.googleapis.com/v1beta1/projects/whitelist-develop {"projectId":"whitelist-develop","projectNumber":"147656100669","displayName":"WhiteList-Develop","name":"projects/whitelist-develop","resources":{"hostingSite":"whitelist-develop","storageBucket":"whitelist-develop.appspot.com","locationId":"asia-east2"},"state":"ACTIVE"}
[debug] [2022-05-29T06:21:35.364Z] >>> [apiv2][query] POST https://firebasehosting.googleapis.com/v1beta1/projects/147656100669/sites/whitelist-develop/versions [none]
[debug] [2022-05-29T06:21:35.365Z] >>> [apiv2][body] POST https://firebasehosting.googleapis.com/v1beta1/projects/147656100669/sites/whitelist-develop/versions {"config":{"rewrites":[{"glob":"**","path":"/index.html"}]},"labels":{"deployment-tool":"cli-firebase"}}
[debug] [2022-05-29T06:21:37.298Z] <<< [apiv2][status] POST https://firebasehosting.googleapis.com/v1beta1/projects/147656100669/sites/whitelist-develop/versions 200
[debug] [2022-05-29T06:21:37.298Z] <<< [apiv2][body] POST https://firebasehosting.googleapis.com/v1beta1/projects/147656100669/sites/whitelist-develop/versions {"name":"projects/147656100669/sites/whitelist-develop/versions/556b50bd6e531a00","status":"CREATED","config":{"rewrites":[{"glob":"**","path":"/index.html"}]},"labels":{"deployment-tool":"cli-firebase"}}
[info] i  hosting[whitelist-develop]: beginning deploy... 
[info] i  hosting[whitelist-develop]: found 59 files in build 
[debug] [2022-05-29T06:21:37.349Z] [hosting] uploading with 200 concurrency
[debug] [2022-05-29T06:21:38.463Z] [hosting] hash cache [YnVpbGQ] stored for 59 files
[debug] [2022-05-29T06:21:38.464Z] [hosting][hash queue][FINAL] {"max":1101,"min":20,"avg":178.59322033898306,"active":0,"complete":59,"success":59,"errored":0,"retried":0,"total":59,"elapsed":1111}
[debug] [2022-05-29T06:21:38.464Z] >>> [apiv2][query] POST https://firebasehosting.googleapis.com/v1beta1/projects/147656100669/sites/whitelist-develop/versions/556b50bd6e531a00:populateFiles [none]
[debug] [2022-05-29T06:21:38.464Z] >>> [apiv2][body] POST https://firebasehosting.googleapis.com/v1beta1/projects/147656100669/sites/whitelist-develop/versions/556b50bd6e531a00:populateFiles {"files":{"/header-icon.svg":"164f0c511f0ebf9188add95b094f6126c5c869cc36a7c34220ef08e35448c5e3","/logo192.png":"3ee59515172ee198f3be375979df15ac5345183e656720a381b8872b2a39dc8b","/logo512.png":"ee7e2f3fdb8209c4b6fd7bef6ba50d1b9dba30a25bb5c3126df057e1cb6f5331","/manifest.json":"5c997de1364b8be939319fa9209abd77f2caf7f8844999a9e2e9173f844e7840","/robots.txt":"b2090cf9761ef60aa06e4fab97679bd43dfa5e5df073701ead5879d7c68f1ec5","/asset-manifest.json":"c68a84a78a8cf25dbfeeba3e7f018042dc384c627d719c09ec4854034d115231","/index.html":"d9df79abbc4370aeda63479b077bd69c3d711aad81e921250247e92816b4b531","/static/js/main.0c0618e5.js.LICENSE.txt":"19a200b284ab0f407378727a37303aff7f0799a644d92bc2fdcdf19c589dde95","/static/media/apartments.9d0dd198639aa13d643d289ec493fbe1.svg":"fbeba17c02b3f4703162fa9c4b50fe8d6d55062d99f4036c393c7653a6c39619","/static/media/book.b893354e9f4cb2024ddb06bb82af2a0e.svg":"9367596f8041813db1a0ce439d582e3d424d169de6d044b05e4e108c5be03b67","/static/media/boarding-houses.05699ca2204fe2c8b34a46d8d4964e3d.svg":"91024ad52bcf74670b5ba6cc8223c8308678e4bd18b26470f00e287849ecb134","/static/media/browse.f7a84be44bbf4104a803a6b072303f7a.svg":"2c0615f09648ddafa1d8243d6d876790f79117169920d82ff43b7de3d20bfc0e","/static/media/contact.7aa1f83adc6a200ee314f8590c69cbd5.svg":"f525aeb731c4eb001f482707f8e95a389d2768e2844b56aa4f60e5bbb084e9e7","/static/media/hotels.f66924a4d74682edb2879fffe1ed3ad5.svg":"9f239661ecf0a18807e5eaf23d74fd20722336c530e04529a2c751380e6f863c","/static/media/copyright-black.6ce816511583682b74e62c734f6f1f04.svg":"0d2674f4b37e2b3697b45cace67aafea1d19a65d119e67eebd0706011c3ba705","/static/media/house5.270b682ecd432df14485.jpg":"add9b30069c0e811c7c4b823c9b901ef56ff3c9dac5fc3a3d06755be93d79d48","/static/media/house7.931696a5ed730c23db99.jpg":"981d0b46880424dfccb192ad22e426e68d790daafe86d85165474cc16ee15c30","/static/media/house8.8bdae6f694b55f4fa5e7.jpg":"8bfbfc6d761ff6c824a9d450ba60bf40c536cc2915a651f438c8f8c59a7575f3","/static/media/landlord.8f9cc396cecad8a6abf426dc33ad84ee.svg":"ef56efcc06604302e2028bfa06247cf2619771f35f2a334cdf49d4a19df49556","/static/media/lease.e1083e41796e935b1b51766e52777b03.svg":"52efeee66a3534687b17934564ca934aeda8d5a55345ea80a771b752426fdfbe","/static/media/lodginghouse.a527146d34bda4083b5fdd947f20220b.svg":"f21bf21619bb9b5e0a74421fb3a399e3608391f00268971965fffc806defad9b","/static/media/rent-house.a2558def042fe3e2e6fed70d8e869d02.svg":"fb3263cb8537d232b2907d38e69700ebf3e7f428754b1ff1540ac2004ff1c734","/static/media/star-rated.8db0cde4a9f87a3992d88f31f0dc18e3.svg":"cc753992d3943455b3bb40107549515deb01aa65c69e5ae05594f2d473dbe211","/static/media/star-unrated.cba44c0d38b54ef8b8ea166ecd0cb3a2.svg":"877e214dfc9e1c9adfb473edbd8ff9b85c709caedd8df8985ea6f1e2f4affd7d","/static/media/startupPage.175f26ee6622055c951a1b587a1f1d42.svg":"cd9a3313000a4685cad95ccf509c2ed9a5ed36b0991428a5a7a885a5579b0dd8","/static/media/white-list-icon-gradient.a52cb8076623f41b69eac799d45f68f8.svg":"b6c35c645db5ea27f5785c9623af970cc14a5995340e03e7a720597ad247849e","/static/css/main.8c1dfcb2.css":"c88b8440c123774cee9ea87480087d820bb02b1b163b5f69dca5bc440cfa9ed7","/static/media/house13.17ff7b6b95706cc3edb4.jpg":"90227d89c6aeb39df1676608ca582d76f63692203dffd89a81c2e9b920567120","/static/media/no_user.f388a9c807d0283aa2c5.png":"75a55d88d2aed7bc0314bac131269529f97d9f4900051076c80df1db9435e2b0","/static/media/nash.28f50bf368c32477447d.jpg":"951821bebdffcc2660273ee1c09c7f88c8095acc3f85a441d54fd46dc5811a07","/static/media/house1.57e9dcdea443ac893a6c.jpg":"e10bc01de95511d1c3520427b3386730cacf39e5db5524416dc047d6b4c0dbcc","/static/media/house6.f8c07e18d264034714ce.jpg":"4e218dc9bad42b1b529494422adb71d487937f0cb7edb442a436e776aad1492d","/static/media/white-list-text-black.29b03a52c0d8cc08e918b850fb82096f.svg":"cca24c70107cff56f21caf0ffbad67ea5f2b59057296211e0cdecf2267977ef7","/static/media/white-list-text-gradient.50767e45f3f08ce81ffd21c527051f65.svg":"a7c1676cf59d52757ab105c32e156cf2fc7f3daad835dfbf6e385c4720701f30","/static/media/white-list-text.64430290fb150efe3b2a8e94cd574187.svg":"49dc73193c6399afd2eb2a3cadcef117799c8555127264384321a3b75f45069f","/static/css/main.8c1dfcb2.css.map":"37c3bf3d43990432cc87fee279e8a92128ca26b4457a4173356f7ea437a494d7","/static/media/house14.3f3824392d5eb20b07eb.jpg":"b32c1b8361998aca72922a66598db537abc533c2056f78de04a689b5b19cb006","/static/media/white-list-tagline-black.a399166e8d6ce91017091b966a2a2150.svg":"b0d88b98bf7457f11b3749b4e9964ad9e134c2bc9388e79898ef77cbb028415f","/static/media/house11.6fe8e5c9249901efe07f.jpg":"cc525b8bb5d9b7fe981abb54f7fb0c1d0438b7ddb1aca0da66112b80e82c611e","/static/media/house4.40d6e4ee13d08a0e36e0.jpg":"66ff85dc4de6e97cd51a581cfc1be60e7f101e7d43b9ef0dc45deeae9754bb53","/static/media/house10.abd86e60d4340bfbf391.jpg":"dbc02144159f6f07f522f4faadb65f0986d74383124b532a82eadbc132952e5a","/static/media/house3.d6069fdf9b28ce49093b.jpg":"d04a8ead274b8b5ff90eedd9debd952a2c7f4a66d2f478ce7c197fa1716e5a0f","/static/media/house12.adae388028f01d41c11b.jpg":"90992bd8c87fbf6cc0917ec8609a82c78b1d68a4e087283f5d6ce7349a977223","/static/media/ssstep1.9ef50d7ef0c4869ced3a.png":"ddb9c5a9a6209459723b3c6c8dbd53e33799f0f33b5bb2a378c293053c75c159","/static/media/merv.79dd0e04a737554f5c38.png":"dc97ffaac7ba21849aa0252e54f4ebc3bf1f638b5f42159bd26104b23d406abf","/static/media/house2.fadf32ef3bdd20075b57.jpg":"127fdb51658a41642e8b73ec9107bdd23c470b888b26a9a1ff4f994afea3fda0","/static/media/ssstep10.7a29652aa5e6c272e929.png":"1dd48c697042d3addad56f45f668a9941d73e578cfb8f82c94012c7697d5eee2","/static/media/house9.a6aabf4d5d6f37210243.jpg":"518d9e6ebd1ed30045a60b9e9b92321c6db70cd1225eccf34d72a880cd10de34","/static/js/main.0c0618e5.js":"67e5d1982619ac6ebf56459297646d89d1ebe002688b9e1ae0513aa14c141bf1","/static/media/house15.25466cac6cb50864b5a4.jpg":"358445052049cba44f71484d05f0f18f390c2c18d68adb7df73eabe7387cf7c8","/static/media/jez.fbc967a5c79df31c312d.jpg":"0b834b44cb617452a54828bf33441432688ec6d6f2aea32f47d988a168fd2ea7","/static/media/cebuBackground.255f1599d852b1931660.jpg":"559c4e3605d5c4c8c3fcb2fb02fc37806aa92d2d7bb8205858103eac27496359","/static/media/stock2.e0bee02ceed9c7cce1f0.jpg":"1feccb5c7e9e9cb1cb96e56f49796de1c0ab74494630f4c7a1d73766e07ae1f4","/static/media/stock3.ecf243ea5c84176d3c51.jpg":"ceecffdd9a7c9bff24ae43250dfcd348adb33cb6ba952cdb96a7f470e978d67a","/static/media/ssstep5.4f1ef5fb1d4648fb7dc2.png":"fc8323f937249a3f9e6888f20c2690c867d380754393d9e2e1d75a7c9f8a6136","/static/media/ssstep6.eea9813521f37983a826.png":"5fbf0fce4d3d66924584f414a4ed616c12c019cea87ccaeacdbb32315d5dbdbf","/static/media/stock1.a7d4f285d418dc778f32.jpg":"c34fd1511160a7b96280a012d7a843c6b0d48e829df027b04b13da02afd21466","/static/media/stock4.920e23c127534fa8d4a1.jpg":"86f2b88e6a7e2f9a99b6c432839b19ad4d99cbf06feae084865b247479fd4537","/static/js/main.0c0618e5.js.map":"4437eefd7499e207712aec6e546dc9c61ea46250b4bb5b0a48530ae72114e366"}}
[debug] [2022-05-29T06:21:40.331Z] <<< [apiv2][status] POST https://firebasehosting.googleapis.com/v1beta1/projects/147656100669/sites/whitelist-develop/versions/556b50bd6e531a00:populateFiles 200
[debug] [2022-05-29T06:21:40.331Z] <<< [apiv2][body] POST https://firebasehosting.googleapis.com/v1beta1/projects/147656100669/sites/whitelist-develop/versions/556b50bd6e531a00:populateFiles {"uploadRequiredHashes":["67e5d1982619ac6ebf56459297646d89d1ebe002688b9e1ae0513aa14c141bf1","4437eefd7499e207712aec6e546dc9c61ea46250b4bb5b0a48530ae72114e366","c68a84a78a8cf25dbfeeba3e7f018042dc384c627d719c09ec4854034d115231","d9df79abbc4370aeda63479b077bd69c3d711aad81e921250247e92816b4b531"],"uploadUrl":"https://upload-firebasehosting.googleapis.com/upload/sites/whitelist-develop/versions/556b50bd6e531a00/files"}
[debug] [2022-05-29T06:21:40.333Z] >>> [apiv2][query] POST https://upload-firebasehosting.googleapis.com/upload/sites/whitelist-develop/versions/556b50bd6e531a00/files/67e5d1982619ac6ebf56459297646d89d1ebe002688b9e1ae0513aa14c141bf1 [none]
[debug] [2022-05-29T06:21:40.333Z] >>> [apiv2][body] POST https://upload-firebasehosting.googleapis.com/upload/sites/whitelist-develop/versions/556b50bd6e531a00/files/67e5d1982619ac6ebf56459297646d89d1ebe002688b9e1ae0513aa14c141bf1 [stream]
[debug] [2022-05-29T06:21:40.336Z] >>> [apiv2][query] POST https://upload-firebasehosting.googleapis.com/upload/sites/whitelist-develop/versions/556b50bd6e531a00/files/4437eefd7499e207712aec6e546dc9c61ea46250b4bb5b0a48530ae72114e366 [none]
[debug] [2022-05-29T06:21:40.336Z] >>> [apiv2][body] POST https://upload-firebasehosting.googleapis.com/upload/sites/whitelist-develop/versions/556b50bd6e531a00/files/4437eefd7499e207712aec6e546dc9c61ea46250b4bb5b0a48530ae72114e366 [stream]
[debug] [2022-05-29T06:21:40.338Z] >>> [apiv2][query] POST https://upload-firebasehosting.googleapis.com/upload/sites/whitelist-develop/versions/556b50bd6e531a00/files/c68a84a78a8cf25dbfeeba3e7f018042dc384c627d719c09ec4854034d115231 [none]
[debug] [2022-05-29T06:21:40.338Z] >>> [apiv2][body] POST https://upload-firebasehosting.googleapis.com/upload/sites/whitelist-develop/versions/556b50bd6e531a00/files/c68a84a78a8cf25dbfeeba3e7f018042dc384c627d719c09ec4854034d115231 [stream]
[debug] [2022-05-29T06:21:40.340Z] >>> [apiv2][query] POST https://upload-firebasehosting.googleapis.com/upload/sites/whitelist-develop/versions/556b50bd6e531a00/files/d9df79abbc4370aeda63479b077bd69c3d711aad81e921250247e92816b4b531 [none]
[debug] [2022-05-29T06:21:40.340Z] >>> [apiv2][body] POST https://upload-firebasehosting.googleapis.com/upload/sites/whitelist-develop/versions/556b50bd6e531a00/files/d9df79abbc4370aeda63479b077bd69c3d711aad81e921250247e92816b4b531 [stream]
[debug] [2022-05-29T06:21:40.342Z] [hosting][populate queue][FINAL] {"max":1872,"min":1872,"avg":1872,"active":0,"complete":1,"success":1,"errored":0,"retried":0,"total":1,"elapsed":1881}
[debug] [2022-05-29T06:21:40.343Z] [hosting] uploads queued: 4
[debug] [2022-05-29T06:21:42.995Z] <<< [apiv2][status] POST https://upload-firebasehosting.googleapis.com/upload/sites/whitelist-develop/versions/556b50bd6e531a00/files/67e5d1982619ac6ebf56459297646d89d1ebe002688b9e1ae0513aa14c141bf1 200
[debug] [2022-05-29T06:21:42.995Z] <<< [apiv2][body] POST https://upload-firebasehosting.googleapis.com/upload/sites/whitelist-develop/versions/556b50bd6e531a00/files/67e5d1982619ac6ebf56459297646d89d1ebe002688b9e1ae0513aa14c141bf1 [stream]
[debug] [2022-05-29T06:21:43.580Z] <<< [apiv2][status] POST https://upload-firebasehosting.googleapis.com/upload/sites/whitelist-develop/versions/556b50bd6e531a00/files/4437eefd7499e207712aec6e546dc9c61ea46250b4bb5b0a48530ae72114e366 200
[debug] [2022-05-29T06:21:43.580Z] <<< [apiv2][body] POST https://upload-firebasehosting.googleapis.com/upload/sites/whitelist-develop/versions/556b50bd6e531a00/files/4437eefd7499e207712aec6e546dc9c61ea46250b4bb5b0a48530ae72114e366 [stream]
[debug] [2022-05-29T06:21:43.610Z] <<< [apiv2][status] POST https://upload-firebasehosting.googleapis.com/upload/sites/whitelist-develop/versions/556b50bd6e531a00/files/c68a84a78a8cf25dbfeeba3e7f018042dc384c627d719c09ec4854034d115231 200
[debug] [2022-05-29T06:21:43.610Z] <<< [apiv2][body] POST https://upload-firebasehosting.googleapis.com/upload/sites/whitelist-develop/versions/556b50bd6e531a00/files/c68a84a78a8cf25dbfeeba3e7f018042dc384c627d719c09ec4854034d115231 [stream]
[debug] [2022-05-29T06:21:43.645Z] <<< [apiv2][status] POST https://upload-firebasehosting.googleapis.com/upload/sites/whitelist-develop/versions/556b50bd6e531a00/files/d9df79abbc4370aeda63479b077bd69c3d711aad81e921250247e92816b4b531 200
[debug] [2022-05-29T06:21:43.645Z] <<< [apiv2][body] POST https://upload-firebasehosting.googleapis.com/upload/sites/whitelist-develop/versions/556b50bd6e531a00/files/d9df79abbc4370aeda63479b077bd69c3d711aad81e921250247e92816b4b531 [stream]
[debug] [2022-05-29T06:21:43.646Z] [hosting][upload queue][FINAL] {"max":3314,"min":2665,"avg":3126.25,"active":0,"complete":4,"success":4,"errored":0,"retried":0,"total":4,"elapsed":3315}
[info] +  hosting[whitelist-develop]: file upload complete 
[debug] [2022-05-29T06:21:43.649Z] [hosting] deploy completed after 6349ms
[debug] [2022-05-29T06:21:43.652Z] [
  {
    "config": {
      "public": "build",
      "ignore": [
        "firebase.json",
        "**/.*",
        "**/node_modules/**"
      ],
      "rewrites": [
        {
          "source": "**",
          "destination": "/index.html"
        }
      ],
      "site": "whitelist-develop"
    },
    "site": "whitelist-develop",
    "version": "projects/147656100669/sites/whitelist-develop/versions/556b50bd6e531a00"
  }
]
[info] i  hosting[whitelist-develop]: finalizing version... 
[debug] [2022-05-29T06:21:43.657Z] >>> [apiv2][query] PATCH https://firebasehosting.googleapis.com/v1beta1/projects/147656100669/sites/whitelist-develop/versions/556b50bd6e531a00 updateMask=status%2Cconfig
[debug] [2022-05-29T06:21:43.658Z] >>> [apiv2][body] PATCH https://firebasehosting.googleapis.com/v1beta1/projects/147656100669/sites/whitelist-develop/versions/556b50bd6e531a00 {"status":"FINALIZED","config":{"rewrites":[{"glob":"**","path":"/index.html"}]}}
[debug] [2022-05-29T06:21:45.453Z] <<< [apiv2][status] PATCH https://firebasehosting.googleapis.com/v1beta1/projects/147656100669/sites/whitelist-develop/versions/556b50bd6e531a00 200
[debug] [2022-05-29T06:21:45.453Z] <<< [apiv2][body] PATCH https://firebasehosting.googleapis.com/v1beta1/projects/147656100669/sites/whitelist-develop/versions/556b50bd6e531a00 {"name":"projects/147656100669/sites/whitelist-develop/versions/556b50bd6e531a00","status":"FINALIZED","config":{"rewrites":[{"glob":"**","path":"/index.html"}]},"labels":{"deployment-tool":"cli-firebase"},"createTime":"2022-05-29T06:21:33.698234Z","createUser":{"email":"cyberblazeflo7@gmail.com"},"finalizeTime":"2022-05-29T06:21:42.073642Z","finalizeUser":{"email":"cyberblazeflo7@gmail.com"}}
[debug] [2022-05-29T06:21:45.453Z] [hosting] finalized version for whitelist-develop:[object Object]
[info] +  hosting[whitelist-develop]: version finalized 
[info] i  hosting[whitelist-develop]: releasing new version... 
[debug] [2022-05-29T06:21:45.456Z] [hosting] releasing to channel: whitelist-v4
[debug] [2022-05-29T06:21:45.457Z] >>> [apiv2][query] POST https://firebasehosting.googleapis.com/v1beta1/projects/147656100669/sites/whitelist-develop/channels/whitelist-v4/releases versionName=projects%2F147656100669%2Fsites%2Fwhitelist-develop%2Fversions%2F556b50bd6e531a00
[debug] [2022-05-29T06:21:45.458Z] >>> [apiv2][body] POST https://firebasehosting.googleapis.com/v1beta1/projects/147656100669/sites/whitelist-develop/channels/whitelist-v4/releases {"message":null}
[debug] [2022-05-29T06:21:47.214Z] <<< [apiv2][status] POST https://firebasehosting.googleapis.com/v1beta1/projects/147656100669/sites/whitelist-develop/channels/whitelist-v4/releases 200
[debug] [2022-05-29T06:21:47.215Z] <<< [apiv2][body] POST https://firebasehosting.googleapis.com/v1beta1/projects/147656100669/sites/whitelist-develop/channels/whitelist-v4/releases {"name":"projects/147656100669/sites/whitelist-develop/channels/whitelist-v4/releases/1653805303282405","version":{"name":"projects/147656100669/sites/whitelist-develop/versions/556b50bd6e531a00","status":"FINALIZED","config":{"rewrites":[{"glob":"**","path":"/index.html"}]},"labels":{"deployment-tool":"cli-firebase"},"createTime":"2022-05-29T06:21:33.698234Z","createUser":{"email":"cyberblazeflo7@gmail.com","imageUrl":"https://lh3.googleusercontent.com/a-/AOh14GjiUihrok-zSyUKDlEJki4R2CujavCyP8tSiHaF"},"finalizeTime":"2022-05-29T06:21:42.073642Z","finalizeUser":{"email":"cyberblazeflo7@gmail.com","imageUrl":"https://lh3.googleusercontent.com/a-/AOh14GjiUihrok-zSyUKDlEJki4R2CujavCyP8tSiHaF"}},"type":"DEPLOY","releaseTime":"2022-05-29T06:21:43.282405235Z","releaseUser":{"email":"cyberblazeflo7@gmail.com","imageUrl":"https://lh3.googleusercontent.com/a-/AOh14GjiUihrok-zSyUKDlEJki4R2CujavCyP8tSiHaF"}}
[debug] [2022-05-29T06:21:47.215Z] [hosting] release: {"name":"projects/147656100669/sites/whitelist-develop/channels/whitelist-v4/releases/1653805303282405","version":{"name":"projects/147656100669/sites/whitelist-develop/versions/556b50bd6e531a00","status":"FINALIZED","config":{"rewrites":[{"glob":"**","path":"/index.html"}]},"labels":{"deployment-tool":"cli-firebase"},"createTime":"2022-05-29T06:21:33.698234Z","createUser":{"email":"cyberblazeflo7@gmail.com","imageUrl":"https://lh3.googleusercontent.com/a-/AOh14GjiUihrok-zSyUKDlEJki4R2CujavCyP8tSiHaF"},"finalizeTime":"2022-05-29T06:21:42.073642Z","finalizeUser":{"email":"cyberblazeflo7@gmail.com","imageUrl":"https://lh3.googleusercontent.com/a-/AOh14GjiUihrok-zSyUKDlEJki4R2CujavCyP8tSiHaF"}},"type":"DEPLOY","releaseTime":"2022-05-29T06:21:43.282405235Z","releaseUser":{"email":"cyberblazeflo7@gmail.com","imageUrl":"https://lh3.googleusercontent.com/a-/AOh14GjiUihrok-zSyUKDlEJki4R2CujavCyP8tSiHaF"}}
[info] +  hosting[whitelist-develop]: release complete 
[info] 
[info] +  Deploy complete! 
[info] 
[info] Project Console: https://console.firebase.google.com/project/whitelist-develop/overview
[info] Hosting URL: https://whitelist-develop.web.app
[debug] [2022-05-29T06:21:47.226Z] >>> [apiv2][query] GET https://identitytoolkit.googleapis.com/admin/v2/projects/whitelist-develop/config [none]
[debug] [2022-05-29T06:21:48.248Z] <<< [apiv2][status] GET https://identitytoolkit.googleapis.com/admin/v2/projects/whitelist-develop/config 200
[debug] [2022-05-29T06:21:48.248Z] <<< [apiv2][body] GET https://identitytoolkit.googleapis.com/admin/v2/projects/whitelist-develop/config {"name":"projects/147656100669/config","signIn":{"email":{"enabled":true},"hashConfig":{"algorithm":"SCRYPT","signerKey":"Xjd9oWS9/g4CHu5XgGxjpfGBzP9DnHlEiD83JMGO7qbpg5Ag90Eh0SWjgy7toCYzfRsN3vZZt2pN2bY2pLEZqA==","saltSeparator":"Bw==","rounds":8,"memoryCost":14}},"notification":{"sendEmail":{"method":"DEFAULT","resetPasswordTemplate":{"senderLocalPart":"noreply","subject":"Reset your password for %APP_NAME%","body":"<p>Hello,</p>\n<p>Follow this link to reset your %APP_NAME% password for your %EMAIL% account.</p>\n<p><a href='%LINK%'>%LINK%</a></p>\n<p>If you didn’t ask to reset your password, you can ignore this email.</p>\n<p>Thanks,</p>\n<p>Your %APP_NAME% team</p>","bodyFormat":"HTML","replyTo":"noreply"},"verifyEmailTemplate":{"senderLocalPart":"noreply","subject":"Verify your email for %APP_NAME%","body":"<p>Hello %DISPLAY_NAME%,</p>\n<p>Follow this link to verify your email address.</p>\n<p><a href='%LINK%'>%LINK%</a></p>\n<p>If you didn’t ask to verify this address, you can ignore this email.</p>\n<p>Thanks,</p>\n<p>Your %APP_NAME% team</p>","bodyFormat":"HTML","replyTo":"noreply"},"changeEmailTemplate":{"senderLocalPart":"noreply","subject":"Your sign-in email was changed for %APP_NAME%","body":"<p>Hello %DISPLAY_NAME%,</p>\n<p>Your sign-in email for %APP_NAME% was changed to %NEW_EMAIL%.</p>\n<p>If you didn’t ask to change your email, follow this link to reset your sign-in email.</p>\n<p><a href='%LINK%'>%LINK%</a></p>\n<p>Thanks,</p>\n<p>Your %APP_NAME% team</p>","bodyFormat":"HTML","replyTo":"noreply"},"callbackUri":"https://whitelist-develop.firebaseapp.com/__/auth/action","dnsInfo":{"customDomainState":"NOT_STARTED","domainVerificationRequestTime":"1970-01-01T00:00:00Z"},"revertSecondFactorAdditionTemplate":{"senderLocalPart":"noreply","subject":"You've added 2 step verification to your %APP_NAME% account.","body":"<p>Hello %DISPLAY_NAME%,</p>\n<p>Your account in %APP_NAME% has been updated with a phone number %SECOND_FACTOR% for 2-step verification.</p>\n<p>If you didn't add this phone number for 2-step verification, click the link below to remove it.</p>\n<p><a href='%LINK%'>%LINK%</a></p>\n<p>Thanks,</p>\n<p>Your %APP_NAME% team</p>","bodyFormat":"HTML","replyTo":"noreply"}},"sendSms":{"smsTemplate":{"content":"%LOGIN_CODE% is your verification code for %APP_NAME%."}},"defaultLocale":"en"},"quota":{},"monitoring":{"requestLogging":{}},"multiTenant":{},"authorizedDomains":["localhost","whitelist-develop.firebaseapp.com","whitelist-develop.web.app","whitelist-develop--whitelist-v1-3dmhp0dq.web.app","whitelist-develop--whitelist-v2-fn3zg7bm.web.app","whitelist-develop--whitelist-v3-dy3nybcv.web.app"],"subtype":"FIREBASE_AUTH","client":{"apiKey":"AIzaSyCt56dtzgmXOc7X9EC-cCHJXS-sgoC7w10","permissions":{},"firebaseSubdomain":"whitelist-develop"},"mfa":{"state":"DISABLED"},"blockingFunctions":{}}
[debug] [2022-05-29T06:21:48.249Z] >>> [apiv2][query] PATCH https://identitytoolkit.googleapis.com/admin/v2/projects/whitelist-develop/config update_mask=authorizedDomains
[debug] [2022-05-29T06:21:48.249Z] >>> [apiv2][body] PATCH https://identitytoolkit.googleapis.com/admin/v2/projects/whitelist-develop/config {"authorizedDomains":["localhost","whitelist-develop.firebaseapp.com","whitelist-develop.web.app","whitelist-develop--whitelist-v1-3dmhp0dq.web.app","whitelist-develop--whitelist-v2-fn3zg7bm.web.app","whitelist-develop--whitelist-v3-dy3nybcv.web.app","whitelist-develop--whitelist-v4-72ggq5wb.web.app"]}
